ffmpeg version 03498fe Copyright (c) 2000-2023 the FFmpeg developers
  built with gcc 9 (Ubuntu 9.4.0-1ubuntu1~20.04.3)
  configuration: --prefix=/usr --enable-gpl --enable-version3 --enable-libdrm --enable-rkmpp --enable-rkrga
  libavutil      58. 29.100 / 58. 29.100
  libavcodec     60. 31.102 / 60. 31.102
  libavformat    60. 16.100 / 60. 16.100
  libavdevice    60.  3.100 / 60.  3.100
  libavfilter     9. 12.100 /  9. 12.100
  libswscale      7.  5.100 /  7.  5.100
  libswresample   4. 12.100 /  4. 12.100
  libpostproc    57.  3.100 / 57.  3.100
Input #0, rtsp, from 'rtsp://10.60.83.159:8554/rk3588lyh':
  Metadata:
    title           : No Name
  Duration: N/A, start: 0.040000, bitrate: N/A
  Stream #0:0: Video: h264 (High), yuv420p(tv, bt709/unknown/unknown, progressive), 640x480, 25 fps, 25 tbr, 90k tbn
Stream mapping:
  Stream #0:0 -> #0:0 (h264 (native) -> mjpeg (native))
Press [q] to stop, [?] for help
[swscaler @ 0x5598120250] deprecated pixel format used, make sure you did set range correctly
[swscaler @ 0x5598909190] deprecated pixel format used, make sure you did set range correctly
    Last message repeated 2 times
Output #0, image2, to 'fixed_no_yolo_grab.jpg':
  Metadata:
    title           : No Name
    encoder         : Lavf60.16.100
  Stream #0:0: Video: mjpeg, yuvj420p(pc, bt709/unknown/unknown, progressive), 640x480, q=2-31, 200 kb/s, 25 fps, 25 tbn
    Metadata:
      encoder         : Lavc60.31.102 mjpeg
    Side data:
      cpb: bitrate max/min/avg: 0/0/200000 buffer size: 0 vbv_delay: N/A
frame=    1 fps=0.0 q=1.6 size=N/A time=00:00:00.08 bitrate=N/A speed=9.12x    [out#0/image2 @ 0x5598061590] video:2kB audio:0kB subtitle:0kB other streams:0kB global headers:0kB muxing overhead: unknown
frame=    1 fps=0.0 q=1.6 Lsize=N/A time=00:00:00.08 bitrate=N/A speed=2.23x    
