已启动摄像头: 001 (校园大门)
YOLOv8 推理已禁用 (use_yolo: false)
正在通过独立 helper 打开摄像头 (MJPEG 640x480@25fps)...
所有服务已启动，按 Ctrl+C 退出...
MQTT 连接成功，心跳主题: rk3588lyh/info
[ WARN:0@0.394] global cap_gstreamer.cpp:1777 open OpenCV | GStreamer warning: Cannot query video position: status=1, value=5, duration=-1
RTSP 推流已启动 → rtsp://10.60.83.159:8554/rk3588lyh
ffmpeg version 03498fe Copyright (c) 2000-2023 the FFmpeg developers
  built with gcc 9 (Ubuntu 9.4.0-1ubuntu1~20.04.3)
  configuration: --prefix=/usr --enable-gpl --enable-version3 --enable-libdrm --enable-rkmpp --enable-rkrga
  libavutil      58. 29.100 / 58. 29.100
  libavcodec     60. 31.102 / 60. 31.102
  libavformat    60. 16.100 / 60. 16.100
  libavdevice    60.  3.100 / 60.  3.100
  libavfilter     9. 12.100 /  9. 12.100
  libswscale      7.  5.100 /  7.  5.100
  libswresample   4. 12.100 /  4. 12.100
  libpostproc    57.  3.100 / 57.  3.100
Input #0, rawvideo, from 'fd:':
  Duration: N/A, start: 0.000000, bitrate: 184320 kb/s
  Stream #0:0: Video: rawvideo (BGR[24] / 0x18524742), bgr24, 640x480, 184320 kb/s, 25 tbr, 25 tbn
Stream mapping:
  Stream #0:0 -> #0:0 (rawvideo (native) -> h264 (h264_rkmpp))
Output #0, rtsp, to 'rtsp://10.60.83.159:8554/rk3588lyh':
  Metadata:
    encoder         : Lavf60.16.100
  Stream #0:0: Video: h264 (High), bgr24(progressive), 640x480, q=2-31, 4000 kb/s, 25 fps, 90k tbn
    Metadata:
      encoder         : Lavc60.31.102 h264_rkmpp
frame=    0 fps=0.0 q=20.0 size=       0kB time=00:00:00.00 bitrate=N/A speed=   0x    frame=    9 fps=0.0 q=25.0 size=N/A time=00:00:00.36 bitrate=N/A speed=0.692x    frame=   19 fps= 18 q=22.0 size=N/A time=00:00:00.76 bitrate=N/A speed=0.73x    frame=   32 fps= 20 q=18.0 size=N/A time=00:00:01.28 bitrate=N/A speed=0.81x    frame=   45 fps= 21 q=17.0 size=N/A time=00:00:01.80 bitrate=N/A speed=0.848x    frame=   58 fps= 22 q=16.0 size=N/A time=00:00:02.32 bitrate=N/A speed=0.871x    frame=   71 fps= 22 q=17.0 size=N/A time=00:00:02.84 bitrate=N/A speed=0.888x    frame=   84 fps= 23 q=17.0 size=N/A time=00:00:03.32 bitrate=N/A speed=0.896x    frame=   97 fps= 23 q=17.0 size=N/A time=00:00:03.84 bitrate=N/A speed=0.904x    frame=  110 fps= 23 q=17.0 size=N/A time=00:00:04.36 bitrate=N/A speed=0.91x    frame=  122 fps= 23 q=18.0 size=N/A time=00:00:04.88 bitrate=N/A speed=0.915x    frame=  132 fps= 22 q=17.0 size=N/A time=00:00:05.24 bitrate=N/A speed=0.884x    [out#0/rtsp @ 0x5596e57690] video:2375kB audio:0kB subtitle:0kB other streams:0kB global headers:0kB muxing overhead: unknown
frame=  132 fps= 22 q=17.0 Lsize=N/A time=00:00:05.24 bitrate=N/A speed=0.884x    
摄像头推流线程已退出
正在停止服务...
MQTT 客户端已断开
所有服务已停止
