已启动摄像头: 001 (校园大门)
YOLOv8 推理已禁用 (use_yolo: false)
正在通过 V4L2 打开摄像头 (MJPEG 所有服务已启动，按 Ctrl+C 退出...
640x480@25fps)...
MQTT 连接成功，心跳主题: rk3588lyh/info
摄像头后端: V4L2, 当前 FOURCC=MJPG
RTSP 推流已启动 → rtsp://10.60.83.159:8554/rk3588lyh
ffmpeg version 03498fe Copyright (c) 2000-2023 the FFmpeg developers
  built with gcc 9 (Ubuntu 9.4.0-1ubuntu1~20.04.3)
  configuration: --prefix=/usr --enable-gpl --enable-version3 --enable-libdrm --enable-rkmpp --enable-rkrga
  libavutil      58. 29.100 / 58. 29.100
  libavcodec     60. 31.102 / 60. 31.102
  libavformat    60. 16.100 / 60. 16.100
  libavdevice    60.  3.100 / 60.  3.100
  libavfilter     9. 12.100 /  9. 12.100
  libswscale      7.  5.100 /  7.  5.100
  libswresample   4. 12.100 /  4. 12.100
  libpostproc    57.  3.100 / 57.  3.100
首帧信息: rows=480 cols=640 channels=3 step=1920 mean=0,0,0
Input #0, rawvideo, from 'fd:':
  Duration: N/A, bitrate: 184320 kb/s
  Stream #0:0: Video: rawvideo (BGR[24] / 0x18524742), bgr24, 640x480, 184320 kb/s, 25 tbr, 25 tbn
Stream mapping:
  Stream #0:0 -> #0:0 (rawvideo (native) -> h264 (h264_rkmpp))
[vost#0:0/h264_rkmpp @ 0x55a23e9590] No filtered frames for output stream, trying to initialize anyway.
Output #0, rtsp, to 'rtsp://10.60.83.159:8554/rk3588lyh':
  Metadata:
    encoder         : Lavf60.16.100
  Stream #0:0: Video: h264 (High), bgr24(progressive), 640x480, q=2-31, 4000 kb/s, 25 fps, 90k tbn
    Metadata:
      encoder         : Lavc60.31.102 h264_rkmpp
frame=    0 fps=0.0 q=0.0 size=       0kB time=N/A bitrate=N/A speed=N/A    [out#0/rtsp @ 0x55a23e6a60] video:0kB audio:0kB subtitle:0kB other streams:0kB global headers:0kB muxing overhead: unknown
[out#0/rtsp @ 0x55a23e6a60] Output file is empty, nothing was encoded(check -ss / -t / -frames parameters if used)
frame=    0 fps=0.0 q=0.0 Lsize=N/A time=N/A bitrate=N/A speed=N/A    
