ffmpeg version 03498fe Copyright (c) 2000-2023 the FFmpeg developers
  built with gcc 9 (Ubuntu 9.4.0-1ubuntu1~20.04.3)
  configuration: --prefix=/usr --enable-gpl --enable-version3 --enable-libdrm --enable-rkmpp --enable-rkrga
  libavutil      58. 29.100 / 58. 29.100
  libavcodec     60. 31.102 / 60. 31.102
  libavformat    60. 16.100 / 60. 16.100
  libavdevice    60.  3.100 / 60.  3.100
  libavfilter     9. 12.100 /  9. 12.100
  libswscale      7.  5.100 /  7.  5.100
  libswresample   4. 12.100 /  4. 12.100
  libpostproc    57.  3.100 / 57.  3.100
Input #0, rtsp, from 'rtsp://10.60.83.159:8554/matrix_v4l2_1080':
  Metadata:
    title           : No Name
  Duration: N/A, bitrate: N/A
  Stream #0:0: Video: h264 (High), yuv420p(tv, bt709/unknown/unknown, progressive), 1920x1080, 25 fps, 50 tbr, 90k tbn
Stream mapping:
  Stream #0:0 -> #0:0 (h264 (native) -> mjpeg (native))
Press [q] to stop, [?] for help
[NULL @ 0x55c16affb0] missing picture in access unit with size 5532
[h264 @ 0x55c1768a50] No start code is found.
[h264 @ 0x55c1768a50] Error splitting the input into NAL units.
[h264 @ 0x55c1756310] concealing 4476 DC, 4476 AC, 4476 MV errors in P frame
[vist#0:0/h264 @ 0x55c17be790] Decoding error: Invalid data found when processing input
[swscaler @ 0x55c18a39d0] deprecated pixel format used, make sure you did set range correctly
[vost#0:0/mjpeg @ 0x55c16b33f0] No filtered frames for output stream, trying to initialize anyway.
Output #0, image2, to 'matrix_v4l2_1080_grab.jpg':
  Metadata:
    title           : No Name
    encoder         : Lavf60.16.100
  Stream #0:0: Video: mjpeg, yuvj420p(pc, progressive), 1920x1080, q=2-31, 200 kb/s, 25 fps, 90k tbn
    Metadata:
      encoder         : Lavc60.31.102 mjpeg
    Side data:
      cpb: bitrate max/min/avg: 0/0/200000 buffer size: 0 vbv_delay: N/A
frame=    0 fps=0.0 q=0.0 size=       0kB time=N/A bitrate=N/A speed=N/A    [vist#0:0/h264 @ 0x55c17be790] Decode error rate 1 exceeds maximum 0.666667
[out#0/image2 @ 0x55c16dd410] video:0kB audio:0kB subtitle:0kB other streams:0kB global headers:0kB muxing overhead: unknown
[out#0/image2 @ 0x55c16dd410] Output file is empty, nothing was encoded(check -ss / -t / -frames parameters if used)
frame=    0 fps=0.0 q=0.0 Lsize=N/A time=N/A bitrate=N/A speed=N/A    
Conversion failed!
