ffmpeg version 03498fe Copyright (c) 2000-2023 the FFmpeg developers
  built with gcc 9 (Ubuntu 9.4.0-1ubuntu1~20.04.3)
  configuration: --prefix=/usr --enable-gpl --enable-version3 --enable-libdrm --enable-rkmpp --enable-rkrga
  libavutil      58. 29.100 / 58. 29.100
  libavcodec     60. 31.102 / 60. 31.102
  libavformat    60. 16.100 / 60. 16.100
  libavdevice    60.  3.100 / 60.  3.100
  libavfilter     9. 12.100 /  9. 12.100
  libswscale      7.  5.100 /  7.  5.100
  libswresample   4. 12.100 /  4. 12.100
  libpostproc    57.  3.100 / 57.  3.100
Input #0, rtsp, from 'rtsp://10.60.83.159:8554/rk3588lyh':
  Metadata:
    title           : No Name
  Duration: N/A, bitrate: N/A
  Stream #0:0: Video: h264 (High), yuv420p(tv, bt709/unknown/unknown, progressive), 640x480, 25 fps, 50 tbr, 90k tbn
Output #0, mpegts, to 'record_test.ts':
  Metadata:
    title           : No Name
    encoder         : Lavf60.16.100
  Stream #0:0: Video: h264 (High), yuv420p(tv, bt709/unknown/unknown, progressive), 640x480, q=2-31, 25 fps, 50 tbr, 90k tbn
Stream mapping:
  Stream #0:0 -> #0:0 (copy)
Press [q] to stop, [?] for help
size=       0kB time=N/A bitrate=N/A speed=N/A    [out#0/mpegts @ 0x55963e9570] video:0kB audio:0kB subtitle:0kB other streams:0kB global headers:0kB muxing overhead: unknown
[out#0/mpegts @ 0x55963e9570] Output file is empty, nothing was encoded
size=       0kB time=N/A bitrate=N/A speed=N/A    
