已启动摄像头: 001 (校园大门)
YOLOv8 推理已禁用 (use_yolo: false)
所有服务已启动，按 Ctrl+C 退出...
正在通过 V4L2 打开摄像头 (MJPEG 640x480@25fps)...
MQTT 连接成功，心跳主题: rk3588lyh/info
摄像头后端: V4L2, 当前 FOURCC=MJPG
RTSP 推流已启动 → rtsp://10.60.83.159:8554/rk3588lyh
ffmpeg version 03498fe Copyright (c) 2000-2023 the FFmpeg developers
  built with gcc 9 (Ubuntu 9.4.0-1ubuntu1~20.04.3)
  configuration: --prefix=/usr --enable-gpl --enable-version3 --enable-libdrm --enable-rkmpp --enable-rkrga
  libavutil      58. 29.100 / 58. 29.100
  libavcodec     60. 31.102 / 60. 31.102
  libavformat    60. 16.100 / 60. 16.100
  libavdevice    60.  3.100 / 60.  3.100
  libavfilter     9. 12.100 /  9. 12.100
  libswscale      7.  5.100 /  7.  5.100
  libswresample   4. 12.100 /  4. 12.100
  libpostproc    57.  3.100 / 57.  3.100
调试帧0: rows=480 cols=640 channels=3 step=1920 mean=0,0,0
raw fwrite bytes=921600
Input #0, rawvideo, from 'fd:':
  Duration: N/A, start: 0.000000, bitrate: 184320 kb/s
  Stream #0:0: Video: rawvideo (BGR[24] / 0x18524742), bgr24, 640x480, 184320 kb/s, 25 tbr, 25 tbn
Stream mapping:
  Stream #0:0 -> #0:0 (rawvideo (native) -> h264 (h264_rkmpp))
Output #0, rtsp, to 'rtsp://10.60.83.159:8554/rk3588lyh':
  Metadata:
    encoder         : Lavf60.16.100
  Stream #0:0: Video: h264 (High), bgr24(progressive), 640x480, q=2-31, 4000 kb/s, 25 fps, 90k tbn
    Metadata:
      encoder         : Lavc60.31.102 h264_rkmpp
frame=    0 fps=0.0 q=20.0 size=       0kB time=00:00:00.00 bitrate=N/A speed=N/A    调试帧1: rows=480 cols=640 channels=3 step=1920 mean=0,0,0
raw fwrite bytes=921600
调试帧2: rows=480 cols=640 channels=3 step=1920 mean=0,0,0
raw fwrite bytes=921600
调试帧3: rows=480 cols=640 channels=3 step=1920 mean=0,0,0
调试帧4: rows=480 cols=640 channels=3 step=1920 mean=0,0,0
调试帧5: rows=480 cols=640 channels=3 step=1920 mean=0,0,0
调试帧6: rows=480 cols=640 channels=3 step=1920 mean=0,0,0
调试帧7: rows=480 cols=640 channels=3 step=1920 mean=0,0,0
调试帧8: rows=480 cols=640 channels=3 step=1920 mean=0,0,0
调试帧9: rows=480 cols=640 channels=3 step=1920 mean=0,0,0
frame=   10 fps=0.0 q=16.0 size=N/A time=00:00:00.36 bitrate=N/A speed=0.693x    frame=   17 fps= 16 q=12.0 size=N/A time=00:00:00.68 bitrate=N/A speed=0.66x    frame=   23 fps= 15 q=9.0 size=N/A time=00:00:00.92 bitrate=N/A speed=0.601x    frame=   29 fps= 14 q=1.0 size=N/A time=00:00:01.16 bitrate=N/A speed=0.571x    frame=   37 fps= 14 q=1.0 size=N/A time=00:00:01.44 bitrate=N/A speed=0.551x    frame=   43 fps= 13 q=1.0 size=N/A time=00:00:01.72 bitrate=N/A speed=0.538x    正在停止服务...
[out#0/rtsp @ 0x55c8ea1690] video:1kB audio:0kB subtitle:0kB other streams:0kB global headers:0kB muxing overhead: unknown
frame=   46 fps= 13 q=1.0 Lsize=N/A time=00:00:01.80 bitrate=N/A speed=0.514x    
摄像头推流线程已退出
MQTT 客户端已断开
所有服务已停止
